INFO  [2014-12-02 09:31:42,007] org.eclipse.jetty.server.Server: Graceful shutdown SocketConnector@0.0.0.0:8081
INFO  [2014-12-02 09:31:42,007] org.eclipse.jetty.server.Server: Graceful shutdown InstrumentedBlockingChannelConnector@0.0.0.0:8000
INFO  [2014-12-02 09:31:42,007] org.eclipse.jetty.server.Server: Graceful shutdown o.e.j.s.ServletContextHandler{/,null}
INFO  [2014-12-02 09:31:42,007] org.eclipse.jetty.server.Server: Graceful shutdown o.e.j.s.ServletContextHandler{/,null}
INFO  [2014-12-02 09:31:44,090] org.eclipse.jetty.server.handler.ContextHandler: stopped o.e.j.s.ServletContextHandler{/,null}
INFO  [2014-12-02 09:31:44,090] org.eclipse.jetty.server.handler.ContextHandler: stopped o.e.j.s.ServletContextHandler{/,null}
INFO  [2014-12-02 19:00:07,645] org.apache.mahout.cf.taste.impl.model.file.FileDataModel: Creating FileDataModel for file src\main\resources\ratings.csv
INFO  [2014-12-02 19:00:07,645] org.apache.mahout.cf.taste.impl.model.file.FileDataModel: Reading file info...
INFO  [2014-12-02 19:00:08,755] org.apache.mahout.cf.taste.impl.model.file.FileDataModel: Processed 1000000 lines
INFO  [2014-12-02 19:00:08,755] org.apache.mahout.cf.taste.impl.model.file.FileDataModel: Read lines: 1000209
INFO  [2014-12-02 19:00:09,044] org.apache.mahout.cf.taste.impl.model.GenericDataModel: Processed 6040 users
WARN  [2014-12-02 19:00:09,666] com.yammer.dropwizard.config.ServerFactory: 
!!!!!!!!!!!!!!!!!!!!!!!!!!!!!!!!!!!!!!!!!!!!!!!!!!!!!!!!!!!!!!!!!!!!!!!!!!!!!!!!
!!!!!!!!!!!!!!!!!!!!!!!!!!!!!!!!!!!!!!!!!!!!!!!!!!!!!!!!!!!!!!!!!!!!!!!!!!!!!!!!
!    THIS SERVICE HAS NO HEALTHCHECKS. THIS MEANS YOU WILL NEVER KNOW IF IT    !
!    DIES IN PRODUCTION, WHICH MEANS YOU WILL NEVER KNOW IF YOU'RE LETTING     !
!     YOUR USERS DOWN. YOU SHOULD ADD A HEALTHCHECK FOR EACH DEPENDENCY OF     !
!     YOUR SERVICE WHICH FULLY (BUT LIGHTLY) TESTS YOUR SERVICE'S ABILITY TO   !
!      USE THAT SERVICE. THINK OF IT AS A CONTINUOUS INTEGRATION TEST.         !
!!!!!!!!!!!!!!!!!!!!!!!!!!!!!!!!!!!!!!!!!!!!!!!!!!!!!!!!!!!!!!!!!!!!!!!!!!!!!!!!
!!!!!!!!!!!!!!!!!!!!!!!!!!!!!!!!!!!!!!!!!!!!!!!!!!!!!!!!!!!!!!!!!!!!!!!!!!!!!!!!
INFO  [2014-12-02 19:00:09,729] com.yammer.dropwizard.cli.ServerCommand: Starting Backpack-service
INFO  [2014-12-02 19:00:09,729] org.eclipse.jetty.server.Server: jetty-8.y.z-SNAPSHOT
INFO  [2014-12-02 19:00:09,807] com.sun.jersey.server.impl.application.WebApplicationImpl: Initiating Jersey application, version 'Jersey: 1.17.1 02/28/2013 12:47 PM'
INFO  [2014-12-02 19:00:09,854] com.yammer.dropwizard.config.Environment: The following paths were found for the configured resources:

    GET     /moviebuddy/v1/home (movieBuddy.Resources)
    POST    /moviebuddy/v1/home/allbuddies (movieBuddy.Resources)
    POST    /moviebuddy/v1/home/localbuddies (movieBuddy.Resources)
    POST    /moviebuddy/v1/home/movies (movieBuddy.Resources)

INFO  [2014-12-02 19:00:09,854] com.yammer.dropwizard.config.Environment: tasks = 

    POST    /tasks/gc (com.yammer.dropwizard.tasks.GarbageCollectionTask)

INFO  [2014-12-02 19:00:10,055] org.eclipse.jetty.server.AbstractConnector: Started InstrumentedBlockingChannelConnector@0.0.0.0:8000
INFO  [2014-12-02 19:00:10,055] org.eclipse.jetty.server.AbstractConnector: Started SocketConnector@0.0.0.0:8081
ERROR [2014-12-02 19:00:21,748] com.yammer.dropwizard.jersey.LoggingExceptionMapper: Error handling a request: e120d16c4c1f9c63
! java.lang.NumberFormatException: For input string: ""
! at java.lang.NumberFormatException.forInputString(Unknown Source) ~[na:1.7.0_40]
! at java.lang.Integer.parseInt(Unknown Source) ~[na:1.7.0_40]
! at java.lang.Integer.parseInt(Unknown Source) ~[na:1.7.0_40]
! at movieBuddy.Resources.getBuddies(Resources.java:101) ~[movieBuddy-0.0.1-SNAPSHOT.jar:na]
! at sun.reflect.NativeMethodAccessorImpl.invoke0(Native Method) ~[na:1.7.0_40]
! at sun.reflect.NativeMethodAccessorImpl.invoke(Unknown Source) ~[na:1.7.0_40]
! at sun.reflect.DelegatingMethodAccessorImpl.invoke(Unknown Source) ~[na:1.7.0_40]
! at java.lang.reflect.Method.invoke(Unknown Source) ~[na:1.7.0_40]
! at com.sun.jersey.spi.container.JavaMethodInvokerFactory$1.invoke(JavaMethodInvokerFactory.java:60) ~[movieBuddy-0.0.1-SNAPSHOT.jar:na]
! at com.sun.jersey.server.impl.model.method.dispatch.AbstractResourceMethodDispatchProvider$ResponseOutInvoker._dispatch(AbstractResourceMethodDispatchProvider.java:205) ~[movieBuddy-0.0.1-SNAPSHOT.jar:na]
! at com.sun.jersey.server.impl.model.method.dispatch.ResourceJavaMethodDispatcher.dispatch(ResourceJavaMethodDispatcher.java:75) ~[movieBuddy-0.0.1-SNAPSHOT.jar:na]
! at com.yammer.metrics.jersey.InstrumentedResourceMethodDispatchProvider$TimedRequestDispatcher.dispatch(InstrumentedResourceMethodDispatchProvider.java:32) ~[movieBuddy-0.0.1-SNAPSHOT.jar:na]
! at com.yammer.dropwizard.jersey.OptionalResourceMethodDispatchAdapter$OptionalRequestDispatcher.dispatch(OptionalResourceMethodDispatchAdapter.java:37) ~[movieBuddy-0.0.1-SNAPSHOT.jar:na]
! at com.sun.jersey.server.impl.uri.rules.HttpMethodRule.accept(HttpMethodRule.java:302) ~[movieBuddy-0.0.1-SNAPSHOT.jar:na]
! at com.sun.jersey.server.impl.uri.rules.RightHandPathRule.accept(RightHandPathRule.java:147) ~[movieBuddy-0.0.1-SNAPSHOT.jar:na]
! at com.sun.jersey.server.impl.uri.rules.ResourceObjectRule.accept(ResourceObjectRule.java:100) ~[movieBuddy-0.0.1-SNAPSHOT.jar:na]
! at com.sun.jersey.server.impl.uri.rules.RightHandPathRule.accept(RightHandPathRule.java:147) ~[movieBuddy-0.0.1-SNAPSHOT.jar:na]
! at com.sun.jersey.server.impl.uri.rules.RootResourceClassesRule.accept(RootResourceClassesRule.java:84) ~[movieBuddy-0.0.1-SNAPSHOT.jar:na]
! at com.sun.jersey.server.impl.application.WebApplicationImpl._handleRequest(WebApplicationImpl.java:1511) [movieBuddy-0.0.1-SNAPSHOT.jar:na]
! at com.sun.jersey.server.impl.application.WebApplicationImpl._handleRequest(WebApplicationImpl.java:1442) [movieBuddy-0.0.1-SNAPSHOT.jar:na]
! at com.sun.jersey.server.impl.application.WebApplicationImpl.handleRequest(WebApplicationImpl.java:1391) [movieBuddy-0.0.1-SNAPSHOT.jar:na]
! at com.sun.jersey.server.impl.application.WebApplicationImpl.handleRequest(WebApplicationImpl.java:1381) [movieBuddy-0.0.1-SNAPSHOT.jar:na]
! at com.sun.jersey.spi.container.servlet.WebComponent.service(WebComponent.java:416) [movieBuddy-0.0.1-SNAPSHOT.jar:na]
! at com.sun.jersey.spi.container.servlet.ServletContainer.service(ServletContainer.java:538) [movieBuddy-0.0.1-SNAPSHOT.jar:na]
! at com.sun.jersey.spi.container.servlet.ServletContainer.service(ServletContainer.java:716) [movieBuddy-0.0.1-SNAPSHOT.jar:na]
! at javax.servlet.http.HttpServlet.service(HttpServlet.java:848) [movieBuddy-0.0.1-SNAPSHOT.jar:na]
! at org.eclipse.jetty.servlet.ServletHolder.handle(ServletHolder.java:669) [movieBuddy-0.0.1-SNAPSHOT.jar:na]
! at org.eclipse.jetty.servlet.ServletHandler$CachedChain.doFilter(ServletHandler.java:1448) [movieBuddy-0.0.1-SNAPSHOT.jar:na]
! at com.yammer.dropwizard.servlets.ThreadNameFilter.doFilter(ThreadNameFilter.java:29) [movieBuddy-0.0.1-SNAPSHOT.jar:na]
! at org.eclipse.jetty.servlet.ServletHandler$CachedChain.doFilter(ServletHandler.java:1419) [movieBuddy-0.0.1-SNAPSHOT.jar:na]
! at org.eclipse.jetty.servlet.ServletHandler.doHandle(ServletHandler.java:455) [movieBuddy-0.0.1-SNAPSHOT.jar:na]
! at org.eclipse.jetty.server.session.SessionHandler.doHandle(SessionHandler.java:229) [movieBuddy-0.0.1-SNAPSHOT.jar:na]
! at org.eclipse.jetty.server.handler.ContextHandler.doHandle(ContextHandler.java:1075) [movieBuddy-0.0.1-SNAPSHOT.jar:na]
! at org.eclipse.jetty.servlet.ServletHandler.doScope(ServletHandler.java:384) [movieBuddy-0.0.1-SNAPSHOT.jar:na]
! at org.eclipse.jetty.server.session.SessionHandler.doScope(SessionHandler.java:193) [movieBuddy-0.0.1-SNAPSHOT.jar:na]
! at org.eclipse.jetty.server.handler.ContextHandler.doScope(ContextHandler.java:1009) [movieBuddy-0.0.1-SNAPSHOT.jar:na]
! at org.eclipse.jetty.server.handler.ScopedHandler.handle(ScopedHandler.java:135) [movieBuddy-0.0.1-SNAPSHOT.jar:na]
! at org.eclipse.jetty.server.handler.HandlerWrapper.handle(HandlerWrapper.java:116) [movieBuddy-0.0.1-SNAPSHOT.jar:na]
! at com.yammer.metrics.jetty.InstrumentedHandler.handle(InstrumentedHandler.java:200) [movieBuddy-0.0.1-SNAPSHOT.jar:na]
! at org.eclipse.jetty.server.handler.GzipHandler.handle(GzipHandler.java:264) [movieBuddy-0.0.1-SNAPSHOT.jar:na]
! at com.yammer.dropwizard.jetty.BiDiGzipHandler.handle(BiDiGzipHandler.java:123) [movieBuddy-0.0.1-SNAPSHOT.jar:na]
! at org.eclipse.jetty.server.handler.HandlerCollection.handle(HandlerCollection.java:154) [movieBuddy-0.0.1-SNAPSHOT.jar:na]
! at org.eclipse.jetty.server.handler.HandlerWrapper.handle(HandlerWrapper.java:116) [movieBuddy-0.0.1-SNAPSHOT.jar:na]
! at org.eclipse.jetty.server.Server.handle(Server.java:368) [movieBuddy-0.0.1-SNAPSHOT.jar:na]
! at org.eclipse.jetty.server.AbstractHttpConnection.handleRequest(AbstractHttpConnection.java:489) [movieBuddy-0.0.1-SNAPSHOT.jar:na]
! at org.eclipse.jetty.server.BlockingHttpConnection.handleRequest(BlockingHttpConnection.java:53) [movieBuddy-0.0.1-SNAPSHOT.jar:na]
! at org.eclipse.jetty.server.AbstractHttpConnection.content(AbstractHttpConnection.java:953) [movieBuddy-0.0.1-SNAPSHOT.jar:na]
! at org.eclipse.jetty.server.AbstractHttpConnection$RequestHandler.content(AbstractHttpConnection.java:1014) [movieBuddy-0.0.1-SNAPSHOT.jar:na]
! at org.eclipse.jetty.http.HttpParser.parseNext(HttpParser.java:861) [movieBuddy-0.0.1-SNAPSHOT.jar:na]
! at org.eclipse.jetty.http.HttpParser.parseAvailable(HttpParser.java:235) [movieBuddy-0.0.1-SNAPSHOT.jar:na]
! at org.eclipse.jetty.server.BlockingHttpConnection.handle(BlockingHttpConnection.java:72) [movieBuddy-0.0.1-SNAPSHOT.jar:na]
! at org.eclipse.jetty.server.nio.BlockingChannelConnector$BlockingChannelEndPoint.run(BlockingChannelConnector.java:298) [movieBuddy-0.0.1-SNAPSHOT.jar:na]
! at org.eclipse.jetty.util.thread.QueuedThreadPool.runJob(QueuedThreadPool.java:608) [movieBuddy-0.0.1-SNAPSHOT.jar:na]
! at org.eclipse.jetty.util.thread.QueuedThreadPool$3.run(QueuedThreadPool.java:543) [movieBuddy-0.0.1-SNAPSHOT.jar:na]
! at java.lang.Thread.run(Unknown Source) [na:1.7.0_40]
INFO  [2014-12-02 19:02:54,580] org.eclipse.jetty.server.Server: Graceful shutdown SocketConnector@0.0.0.0:8081
INFO  [2014-12-02 19:02:54,580] org.eclipse.jetty.server.Server: Graceful shutdown InstrumentedBlockingChannelConnector@0.0.0.0:8000
INFO  [2014-12-02 19:02:54,580] org.eclipse.jetty.server.Server: Graceful shutdown o.e.j.s.ServletContextHandler{/,null}
INFO  [2014-12-02 19:02:54,580] org.eclipse.jetty.server.Server: Graceful shutdown o.e.j.s.ServletContextHandler{/,null}
INFO  [2014-12-02 19:02:56,646] org.eclipse.jetty.server.handler.ContextHandler: stopped o.e.j.s.ServletContextHandler{/,null}
INFO  [2014-12-02 19:02:56,646] org.eclipse.jetty.server.handler.ContextHandler: stopped o.e.j.s.ServletContextHandler{/,null}
INFO  [2014-12-02 19:03:29,543] org.apache.mahout.cf.taste.impl.model.file.FileDataModel: Creating FileDataModel for file src\main\resources\ratings.csv
INFO  [2014-12-02 19:03:29,559] org.apache.mahout.cf.taste.impl.model.file.FileDataModel: Reading file info...
INFO  [2014-12-02 19:03:30,653] org.apache.mahout.cf.taste.impl.model.file.FileDataModel: Processed 1000000 lines
INFO  [2014-12-02 19:03:30,653] org.apache.mahout.cf.taste.impl.model.file.FileDataModel: Read lines: 1000209
INFO  [2014-12-02 19:03:30,918] org.apache.mahout.cf.taste.impl.model.GenericDataModel: Processed 6040 users
WARN  [2014-12-02 19:03:31,090] com.yammer.dropwizard.config.ServerFactory: 
!!!!!!!!!!!!!!!!!!!!!!!!!!!!!!!!!!!!!!!!!!!!!!!!!!!!!!!!!!!!!!!!!!!!!!!!!!!!!!!!
!!!!!!!!!!!!!!!!!!!!!!!!!!!!!!!!!!!!!!!!!!!!!!!!!!!!!!!!!!!!!!!!!!!!!!!!!!!!!!!!
!    THIS SERVICE HAS NO HEALTHCHECKS. THIS MEANS YOU WILL NEVER KNOW IF IT    !
!    DIES IN PRODUCTION, WHICH MEANS YOU WILL NEVER KNOW IF YOU'RE LETTING     !
!     YOUR USERS DOWN. YOU SHOULD ADD A HEALTHCHECK FOR EACH DEPENDENCY OF     !
!     YOUR SERVICE WHICH FULLY (BUT LIGHTLY) TESTS YOUR SERVICE'S ABILITY TO   !
!      USE THAT SERVICE. THINK OF IT AS A CONTINUOUS INTEGRATION TEST.         !
!!!!!!!!!!!!!!!!!!!!!!!!!!!!!!!!!!!!!!!!!!!!!!!!!!!!!!!!!!!!!!!!!!!!!!!!!!!!!!!!
!!!!!!!!!!!!!!!!!!!!!!!!!!!!!!!!!!!!!!!!!!!!!!!!!!!!!!!!!!!!!!!!!!!!!!!!!!!!!!!!
INFO  [2014-12-02 19:03:31,153] com.yammer.dropwizard.cli.ServerCommand: Starting Backpack-service
INFO  [2014-12-02 19:03:31,153] org.eclipse.jetty.server.Server: jetty-8.y.z-SNAPSHOT
INFO  [2014-12-02 19:03:31,231] com.sun.jersey.server.impl.application.WebApplicationImpl: Initiating Jersey application, version 'Jersey: 1.17.1 02/28/2013 12:47 PM'
INFO  [2014-12-02 19:03:31,293] com.yammer.dropwizard.config.Environment: The following paths were found for the configured resources:

    GET     /moviebuddy/v1/home (movieBuddy.Resources)
    POST    /moviebuddy/v1/home/allbuddies (movieBuddy.Resources)
    POST    /moviebuddy/v1/home/localbuddies (movieBuddy.Resources)
    POST    /moviebuddy/v1/home/movies (movieBuddy.Resources)

INFO  [2014-12-02 19:03:31,293] com.yammer.dropwizard.config.Environment: tasks = 

    POST    /tasks/gc (com.yammer.dropwizard.tasks.GarbageCollectionTask)

INFO  [2014-12-02 19:03:31,481] org.eclipse.jetty.server.AbstractConnector: Started InstrumentedBlockingChannelConnector@0.0.0.0:8000
INFO  [2014-12-02 19:03:31,481] org.eclipse.jetty.server.AbstractConnector: Started SocketConnector@0.0.0.0:8081
INFO  [2014-12-02 20:53:19,939] org.eclipse.jetty.server.Server: Graceful shutdown SocketConnector@0.0.0.0:8081
INFO  [2014-12-02 20:53:19,939] org.eclipse.jetty.server.Server: Graceful shutdown InstrumentedBlockingChannelConnector@0.0.0.0:8000
INFO  [2014-12-02 20:53:19,939] org.eclipse.jetty.server.Server: Graceful shutdown o.e.j.s.ServletContextHandler{/,null}
INFO  [2014-12-02 20:53:19,939] org.eclipse.jetty.server.Server: Graceful shutdown o.e.j.s.ServletContextHandler{/,null}
INFO  [2014-12-02 20:53:21,999] org.eclipse.jetty.server.handler.ContextHandler: stopped o.e.j.s.ServletContextHandler{/,null}
INFO  [2014-12-02 20:53:21,999] org.eclipse.jetty.server.handler.ContextHandler: stopped o.e.j.s.ServletContextHandler{/,null}
